0 info it worked if it ends with ok
1 verbose cli [ '/Users/student/.nvm/versions/node/v6.11.3/bin/node',
1 verbose cli   '/Users/student/.nvm/versions/node/v6.11.3/bin/npm',
1 verbose cli   'run',
1 verbose cli   'execute' ]
2 info using npm@3.10.10
3 info using node@v6.11.3
4 verbose run-script [ 'preexecute', 'execute', 'postexecute' ]
5 info lifecycle recast.ly@1.1.0~preexecute: recast.ly@1.1.0
6 silly lifecycle recast.ly@1.1.0~preexecute: no script for preexecute, continuing
7 info lifecycle recast.ly@1.1.0~execute: recast.ly@1.1.0
8 verbose lifecycle recast.ly@1.1.0~execute: unsafe-perm in lifecycle true
9 verbose lifecycle recast.ly@1.1.0~execute: PATH: /Users/student/.nvm/versions/node/v6.11.3/lib/node_modules/npm/bin/node-gyp-bin:/Users/student/Desktop/hrsf122-recastly-redux/node_modules/.bin:/Users/student/.nvm/versions/node/v6.11.3/bin:/usr/local/opt/sqlite/bin:/usr/local/bin:/usr/bin:/bin:/usr/sbin:/sbin
10 verbose lifecycle recast.ly@1.1.0~execute: CWD: /Users/student/Desktop/hrsf122-recastly-redux
11 silly lifecycle recast.ly@1.1.0~execute: Args: [ '-c',
11 silly lifecycle   'concurrently "npm run test" "npm run start" "npm run build"' ]
12 info lifecycle recast.ly@1.1.0~execute: Failed to exec execute script
13 verbose stack Error: recast.ly@1.1.0 execute: `concurrently "npm run test" "npm run start" "npm run build"`
13 verbose stack spawn ENOENT
13 verbose stack     at ChildProcess.<anonymous> (/Users/student/.nvm/versions/node/v6.11.3/lib/node_modules/npm/lib/utils/spawn.js:33:16)
13 verbose stack     at emitTwo (events.js:106:13)
13 verbose stack     at ChildProcess.emit (events.js:191:7)
13 verbose stack     at maybeClose (internal/child_process.js:920:16)
13 verbose stack     at Process.ChildProcess._handle.onexit (internal/child_process.js:230:5)
14 verbose pkgid recast.ly@1.1.0
15 verbose cwd /Users/student/Desktop/hrsf122-recastly-redux
16 error Darwin 16.7.0
17 error argv "/Users/student/.nvm/versions/node/v6.11.3/bin/node" "/Users/student/.nvm/versions/node/v6.11.3/bin/npm" "run" "execute"
18 error node v6.11.3
19 error npm  v3.10.10
20 error file sh
21 error code ELIFECYCLE
22 error errno ENOENT
23 error syscall spawn
24 error recast.ly@1.1.0 execute: `concurrently "npm run test" "npm run start" "npm run build"`
24 error spawn ENOENT
25 error Failed at the recast.ly@1.1.0 execute script 'concurrently "npm run test" "npm run start" "npm run build"'.
25 error Make sure you have the latest version of node.js and npm installed.
25 error If you do, this is most likely a problem with the recast.ly package,
25 error not with npm itself.
25 error Tell the author that this fails on your system:
25 error     concurrently "npm run test" "npm run start" "npm run build"
25 error You can get information on how to open an issue for this project with:
25 error     npm bugs recast.ly
25 error Or if that isn't available, you can get their info via:
25 error     npm owner ls recast.ly
25 error There is likely additional logging output above.
26 verbose exit [ 1, true ]
